<?xml version="1.0" encoding="UTF-8"?>
<testsuite xmlns:xsi="http://www.w3.org/2001/XMLSchema-instance" xsi:noNamespaceSchemaLocation="https://maven.apache.org/surefire/maven-surefire-plugin/xsd/surefire-test-report-3.0.xsd" version="3.0" name="com.tryouts.sudoku.SudokuAppTest" time="0.081" tests="12" errors="0" skipped="0" failures="0">
  <properties>
[...]
</properties>
  <testcase name="testInitializeEmptyInput" classname="com.tryouts.sudoku.SudokuAppTest" time="0.026"/>
  <testcase name="testInitializeValidInput" classname="com.tryouts.sudoku.SudokuAppTest" time="0.003"/>
  <testcase name="testInitializeInvalidValue" classname="com.tryouts.sudoku.SudokuAppTest" time="0.002"/>
  <testcase name="testValidateGoodSudoku" classname="com.tryouts.sudoku.SudokuAppTest" time="0.002"/>
  <testcase name="testInitializeNullInput" classname="com.tryouts.sudoku.SudokuAppTest" time="0.002"/>
  <testcase name="testInitializeValidateRows" classname="com.tryouts.sudoku.SudokuAppTest" time="0.002"/>
  <testcase name="testInitializeUndersizedLine" classname="com.tryouts.sudoku.SudokuAppTest" time="0.001"/>
  <testcase name="testInitializeUndersizedList" classname="com.tryouts.sudoku.SudokuAppTest" time="0.002"/>
  <testcase name="testInitializeSpecialChar" classname="com.tryouts.sudoku.SudokuAppTest" time="0.002"/>
  <testcase name="testValidateBadSudoku" classname="com.tryouts.sudoku.SudokuAppTest" time="0.003"/>
  <testcase name="testInitializeOversizedLine" classname="com.tryouts.sudoku.SudokuAppTest" time="0.001"/>
  <testcase name="testInitializeOversizedList" classname="com.tryouts.sudoku.SudokuAppTest" time="0.001"/>
</testsuite>